<?xml version="1.0" encoding="UTF-8"?>
<!-- Generated by org.testng.reporters.JUnitReportReporter -->
<testsuite hostname="irbt-4576.wardrobe.irobot.com" name="com.google.test.google.iRobotTests" tests="1" failures="0" timestamp="21 May 2016 00:29:54 GMT" time="13.502" errors="0">
  <testcase name="installAPK" time="13.502" classname="com.google.test.google.iRobotTests"/>
</testsuite> <!-- com.google.test.google.iRobotTests -->
